CM003_QText frFR -600.362
CM003_Iwer frFR -500.065
CM003_Answer_resp_a1 frFR -300.077
CM003_Answer_resp_a2 frFR -300.040
CM003_QText frCH -600.359
CM003_Iwer frCH -300.071
CM003_Answer_resp_a1 frCH -300.077
CM003_Answer_resp_a2 frCH -300.040
CM003_QText frBE -600.359
CM003_Iwer frBE -999.707
CM003_Answer_resp_a1 frBE -300.077
CM003_Answer_resp_a2 frBE -300.040
CM003_QText frLU -700.338
CM003_Iwer frLU -300.095
CM003_Answer_resp_a1 frLU -300.077
CM003_Answer_resp_a2 frLU -300.040
DN001_QText frFR -600.167
DN001_Answer_resp_a1 frFR -299.973
DN001_QText frCH -400.163
DN001_Answer_resp_a1 frCH -299.973
DN001_QText frBE -400.372
DN001_Answer_resp_a1 frBE -299.973
DN001_QText frLU -600.221
DN001_Answer_resp_a1 frLU -299.973
DN756_Iwer frFR -499.998
DN756_Answer_resp_a1 frFR -200.083
DN756_Answer_resp_a2 frFR -300.021
DN756_Answer_resp_a3 frFR -399.957
DN756_Iwer frCH -400.086
DN756_Answer_resp_a1 frCH -299.990
DN756_Answer_resp_a2 frCH -299.997
DN756_Answer_resp_a3 frCH -399.948
DN756_Iwer frBE -400.074
DN756_Answer_resp_a1 frBE -200.103
DN756_Answer_resp_a2 frBE -200.102
DN756_Answer_resp_a3 frBE -200.040
DN756_Iwer frLU -400.071
DN756_Answer_resp_a1 frLU -300.005
DN756_Answer_resp_a2 frLU -299.974
DN756_Answer_resp_a3 frLU -399.920
DN038_Iwer frFR -399.995
DN038_Answer_resp_a1 frFR -299.973
DN038_Answer_resp_a2 frFR -399.902
DN038_Answer_resp_a3 frFR -300.013
DN038_Iwer frCH -400.097
DN038_Answer_resp_a1 frCH -299.990
DN038_Answer_resp_a2 frCH -299.997
DN038_Answer_resp_a3 frCH -399.948
DN038_Iwer frBE -399.997
DN038_Answer_resp_a1 frBE -299.990
DN038_Answer_resp_a2 frBE -200.108
DN038_Answer_resp_a3 frBE -300.054
DN038_Iwer frLU -399.995
DN038_Answer_resp_a1 frLU -299.990
DN038_Answer_resp_a2 frLU -299.990
DN038_Answer_resp_a3 frLU -399.926
DN755_QText frFR -1000.021
DN755_Iwer frFR -299.974
DN755_Answer_resp_a1 frFR -299.973
DN755_QText frCH -500.272
DN755_Iwer frCH -299.974
DN755_Answer_resp_a1 frCH -299.973
DN755_QText frBE -400.406
DN755_Iwer frBE -300.020
DN755_Answer_resp_a1 frBE -299.973
DN755_QText frLU -600.251
DN755_Iwer frLU -499.924
DN755_Answer_resp_a1 frLU -299.973
DN042_QText frFR -299.967
DN042_Iwer frFR -499.932
DN042_Answer_resp_a1 frFR -300.017
DN042_Answer_resp_a2 frFR -299.989
DN042_QText frCH -299.967
DN042_Iwer frCH -499.971
DN042_Answer_resp_a1 frCH -200.042
DN042_Answer_resp_a2 frCH -199.993
DN042_QText frBE -299.952
DN042_Iwer frBE -1199.665
DN042_Answer_resp_a1 frBE -299.973
DN042_Answer_resp_a2 frBE -299.964
DN042_QText frLU -299.967
DN042_Iwer frLU -499.986
DN042_Answer_resp_a1 frLU -299.973
DN042_Answer_resp_a2 frLU -299.964
DN043_QText frFR -400.033
DN043_Answer_resp_a1 frFR -299.973
DN043_Answer_resp_a2 frFR -299.949
DN043_Answer_resp_a1 frCH -299.973
DN043_Answer_resp_a2 frCH -299.949
DN043_Answer_resp_a1 frBE -299.973
DN043_Answer_resp_a2 frBE -299.949
DN043_QText frLU -300.053
DN043_Answer_resp_a1 frLU -299.973
DN043_Answer_resp_a2 frLU -299.949
DN002_QText frFR -400.054
DN002_Answer_resp_a1 frFR -299.973
DN002_Answer_resp_a2 frFR -299.964
DN002_Answer_resp_a3 frFR -299.938
DN002_Answer_resp_a4 frFR -299.937
DN002_Answer_resp_a5 frFR -299.953
DN002_Answer_resp_a6 frFR -299.979
DN002_Answer_resp_a7 frFR -299.968
DN002_Answer_resp_a8 frFR -299.976
DN002_Answer_resp_a9 frFR -299.958
DN002_Answer_resp_a10 frFR -299.975
DN002_Answer_resp_a11 frFR -299.968
DN002_Answer_resp_a12 frFR -299.951
DN002_QText frCH -200.088
DN002_Answer_resp_a1 frCH -299.973
DN002_Answer_resp_a2 frCH -299.964
DN002_Answer_resp_a3 frCH -299.938
DN002_Answer_resp_a4 frCH -299.937
DN002_Answer_resp_a5 frCH -299.953
DN002_Answer_resp_a6 frCH -299.979
DN002_Answer_resp_a7 frCH -299.968
DN002_Answer_resp_a8 frCH -299.976
DN002_Answer_resp_a9 frCH -299.958
DN002_Answer_resp_a10 frCH -299.975
DN002_Answer_resp_a11 frCH -299.968
DN002_Answer_resp_a12 frCH -299.951
DN002_QText frBE -300.083
DN002_Answer_resp_a1 frBE -299.973
DN002_Answer_resp_a2 frBE -299.964
DN002_Answer_resp_a3 frBE -299.938
DN002_Answer_resp_a4 frBE -299.937
DN002_Answer_resp_a5 frBE -299.953
DN002_Answer_resp_a6 frBE -299.979
DN002_Answer_resp_a7 frBE -299.968
DN002_Answer_resp_a8 frBE -299.976
DN002_Answer_resp_a9 frBE -299.958
DN002_Answer_resp_a10 frBE -299.975
DN002_Answer_resp_a11 frBE -299.968
DN002_Answer_resp_a12 frBE -299.951
DN002_QText frLU -200.069
DN002_Answer_resp_a1 frLU -299.973
DN002_Answer_resp_a2 frLU -299.964
DN002_Answer_resp_a3 frLU -299.938
DN002_Answer_resp_a4 frLU -299.937
DN002_Answer_resp_a5 frLU -299.953
DN002_Answer_resp_a6 frLU -299.979
DN002_Answer_resp_a7 frLU -299.968
DN002_Answer_resp_a8 frLU -299.976
DN002_Answer_resp_a9 frLU -299.958
DN002_Answer_resp_a10 frLU -299.975
DN002_Answer_resp_a11 frLU -299.968
DN002_Answer_resp_a12 frLU -299.951
DN003_QText frFR -200.088
DN003_Answer_resp_a1 frFR -399.914
DN003_QText frCH -200.088
DN003_Answer_resp_a1 frCH -399.914
DN003_QText frBE -200.088
DN003_Answer_resp_a1 frBE -399.914
DN003_QText frLU -200.069
DN003_Answer_resp_a1 frLU -399.914
DN004_QText frFR -299.946
DN004_Answer_resp_a1 frFR -299.973
DN004_Answer_resp_a2 frFR -299.949
DN004_QText frCH -299.958
DN004_Answer_resp_a1 frCH -299.973
DN004_Answer_resp_a2 frCH -299.949
DN004_QText frBE -199.946
DN004_Answer_resp_a1 frBE -299.973
DN004_Answer_resp_a2 frBE -299.949
DN004_QText frLU -399.925
DN004_Answer_resp_a1 frLU -299.973
DN004_Answer_resp_a2 frLU -299.949
DN005_QText frFR -300.288
DN005_QText frCH -300.288
DN005_QText frBE -300.288
DN005_QText frLU -300.324
DN006_QText frFR -200.095
DN006_Answer_resp_a1 frFR -399.914
DN006_QText frCH -200.147
DN006_Answer_resp_a1 frCH -399.914
DN006_QText frBE -200.091
DN006_Answer_resp_a1 frBE -399.914
DN006_QText frLU -200.145
DN006_Answer_resp_a1 frLU -399.914
DN007_QText frFR -299.921
DN007_Answer_resp_a1 frFR -299.973
DN007_Answer_resp_a2 frFR -299.949
DN007_QText frCH -299.941
DN007_Answer_resp_a1 frCH -299.973
DN007_Answer_resp_a2 frCH -299.949
DN007_QText frBE -299.939
DN007_Answer_resp_a1 frBE -299.973
DN007_Answer_resp_a2 frBE -299.949
DN007_QText frLU -299.957
DN007_Answer_resp_a1 frLU -299.973
DN007_Answer_resp_a2 frLU -299.949
DN503_QText frFR -299.916
DN503_Answer_resp_a1 frFR -299.973
DN503_Answer_resp_a2 frFR -299.949
DN503_QText frCH -399.956
DN503_Answer_resp_a1 frCH -299.973
DN503_Answer_resp_a2 frCH -299.949
DN503_QText frBE -299.900
DN503_Answer_resp_a1 frBE -299.973
DN503_Answer_resp_a2 frBE -299.949
DN503_QText frLU -200.002
DN503_Answer_resp_a1 frLU -299.973
DN503_Answer_resp_a2 frLU -299.949
DN502_QText frFR -200.117
DN502_Answer_resp_a1 frFR -399.914
DN502_QText frCH -300.116
DN502_Answer_resp_a1 frCH -399.914
DN502_QText frBE -200.091
DN502_Answer_resp_a1 frBE -399.914
DN502_QText frLU -200.141
DN502_Answer_resp_a1 frLU -399.914
DN008_QText frFR -199.972
DN008_QText frCH -199.972
DN008_QText frBE -199.972
DN008_QText frLU -199.972
DN009_QText frFR -200.019
DN009_QText frBE -500.103
DN009_Answer_resp_a1 frBE -299.954
DN009_Answer_resp_a2 frBE -200.021
DN009_Answer_resp_a3 frBE -299.979
DN009_QText frLU -299.943
DN504_QText frFR -200.038
DN504_QText frCH -199.966
DN504_QText frBE -200.038
DN504_QText frLU -200.038
DN505_QText frFR -200.080
DN505_QText frCH -200.043
DN505_QText frBE -200.080
DN505_QText frLU -200.080
DN010_QText frFR -400.137
DN010_Iwer frFR -1000.028
DN010_Answer_resp_a1 frFR -400.036
DN010_Answer_resp_a2 frFR -399.972
DN010_Answer_resp_a3 frFR -599.843
DN010_Answer_resp_a4 frFR -600.080
DN010_Answer_resp_a5 , -899.902
DN010_Answer_resp_a6 frFR -1699.380
DN010_Answer_resp_a7 frFR -700.072
DN010_Answer_resp_a8 frFR -500.159
DN010_Answer_resp_a9 frFR -999.967
DN010_Answer_resp_a10 frFR -500.001
DN010_Answer_resp_a11 frFR -299.964
DN010_QText frCH -400.203
DN010_Iwer frCH -800.226
DN010_Answer_resp_a1 frCH -500.054
DN010_Answer_resp_a2 frCH -399.945
DN010_Answer_resp_a3 frCH -500.000
DN010_Answer_resp_a4 frCH -700.024
DN010_Answer_resp_a5 frCH -500.034
DN010_Answer_resp_a6 frCH -900.068
DN010_Answer_resp_a7 frCH -499.971
DN010_Answer_resp_a8 frCH -500.088
DN010_Answer_resp_a9 frCH -799.856
DN010_Answer_resp_a10 frCH -300.006
DN010_Answer_resp_a11 frCH -300.037
DN010_Answer_resp_a12 frCH -500.043
DN010_Answer_resp_a13 frCH -299.964
DN010_QText frBE -400.148
DN010_Iwer frBE -800.170
DN010_Answer_resp_a1 frBE -299.987
DN010_Answer_resp_a2 frBE -399.961
DN010_Answer_resp_a3 frBE -500.071
DN010_Answer_resp_a4 frBE -500.110
DN010_Answer_resp_a5 frBE -400.118
DN010_Answer_resp_a6 frBE -400.137
DN010_Answer_resp_a7 frBE -400.116
DN010_Answer_resp_a8 frBE -400.178
DN010_Answer_resp_a9 frBE -400.042
DN010_Answer_resp_a10 frBE -400.057
DN010_Answer_resp_a11 frBE -400.002
DN010_Answer_resp_a12 frBE -700.033
DN010_Answer_resp_a13 frBE -600.172
DN010_Answer_resp_a14 frBE -300.154
DN010_Answer_resp_a15 frBE -300.191
DN010_Answer_resp_a16 frBE -299.964
DN010_QText frLU -500.095
DN010_Iwer frLU -1299.876
DN010_Answer_resp_a1 frLU -300.045
DN010_Answer_resp_a2 frLU -399.983
DN010_Answer_resp_a3 frLU -299.985
DN010_Answer_resp_a4 frLU -300.018
DN010_Answer_resp_a5 frLU -299.972
DN010_Answer_resp_a6 frLU -400.066
DN010_Answer_resp_a7 frLU -399.951
DN010_Answer_resp_a8 frLU -499.985
DN010_Answer_resp_a9 frLU -699.874
DN010_Answer_resp_a10 frLU -699.893
DN010_Answer_resp_a11 frLU -699.972
DN010_Answer_resp_a12 frLU -599.999
DN010_Answer_resp_a13 frLU -300.077
DN010_Answer_resp_a14 frLU -399.999
DN010_Answer_resp_a15 frLU -500.001
DN010_Answer_resp_a16 frLU -299.964
DN011_QText frFR -400.268
DN011_QText frCH -300.179
DN011_QText frBE -300.191
DN011_QText frLU -300.202
DN012_QText frFR -500.184
DN012_Answer_resp_a1 frFR -400.094
DN012_Answer_resp_a2 frFR -500.108
DN012_Answer_resp_a3 frFR -499.944
DN012_Answer_resp_a4 frFR -1599.629
DN012_Answer_resp_a5 frFR -799.794
DN012_Answer_resp_a6 frFR -1399.954
DN012_Answer_resp_a7 frFR -500.071
DN012_Answer_resp_a8 frFR -1399.763
DN012_Answer_resp_a9 frFR -800.017
DN012_Answer_resp_a10 frFR -499.972
DN012_Answer_resp_a11 frFR -400.108
DN012_Answer_resp_a12 frFR -299.964
DN012_QText frCH -600.069
DN012_Answer_resp_a1 frCH -300.142
DN012_Answer_resp_a2 frCH -1299.917
DN012_Answer_resp_a3 frCH -500.113
DN012_Answer_resp_a4 frCH -200.243
DN012_Answer_resp_a5 frCH -300.119
DN012_Answer_resp_a6 frCH -700.066
DN012_Answer_resp_a7 frCH -1900.206
DN012_Answer_resp_a8 frCH -499.904
DN012_Answer_resp_a9 frCH -599.887
DN012_Answer_resp_a10 frCH -599.910
DN012_Answer_resp_a11 frCH -599.882
DN012_Answer_resp_a12 frCH -499.981
DN012_Answer_resp_a13 frCH -599.910
DN012_Answer_resp_a14 frCH -599.868
DN012_Answer_resp_a15 frCH -299.991
DN012_Answer_resp_a16 frCH -299.964
DN012_QText frBE -500.065
DN012_Answer_resp_a1 frBE -400.094
DN012_Answer_resp_a2 frBE -400.056
DN012_Answer_resp_a3 frBE -1200.061
DN012_Answer_resp_a4 frBE -400.172
DN012_Answer_resp_a5 frBE -999.951
DN012_Answer_resp_a6 frBE -600.085
DN012_Answer_resp_a7 frBE -500.210
DN012_Answer_resp_a8 frBE -799.759
DN012_Answer_resp_a9 frBE -300.006
DN012_Answer_resp_a10 frBE -300.040
DN012_Answer_resp_a11 frBE -299.964
DN012_QText frLU -500.251
DN012_Answer_resp_a1 frLU -400.184
DN012_Answer_resp_a2 frLU -400.045
DN012_Answer_resp_a3 frLU -399.993
DN012_Answer_resp_a4 frLU -499.881
DN012_Answer_resp_a5 frLU -499.879
DN012_Answer_resp_a6 frLU -499.953
DN012_Answer_resp_a7 frLU -699.872
DN012_Answer_resp_a8 frLU -299.996
DN012_Answer_resp_a9 frLU -200.032
DN012_Answer_resp_a10 frLU -299.964
DN013_QText frFR -400.067
DN013_QText frCH -400.067
DN013_QText frBE -400.067
DN013_QText frLU -300.230
DN041_QText frFR -400.110
DN041_Iwer frFR -1900.028
DN041_QText frCH -300.122
DN041_Iwer frCH -1200.067
DN041_QText frBE -300.188
DN041_Iwer frBE -1200.105
DN041_QText frLU -500.092
DN041_Iwer frLU -1299.955
DN044_Answer_resp_a1 frFR -300.002
DN044_Answer_resp_a2 frFR -399.998
DN044_QText frCH -200.062
DN044_Answer_resp_a1 frCH -300.161
DN044_Answer_resp_a2 frCH -400.121
DN044_QText frBE -200.062
DN044_Answer_resp_a1 frBE -300.161
DN044_Answer_resp_a2 frBE -400.121
DN044_QText frLU -200.076
DN044_Answer_resp_a1 frLU -300.076
DN044_Answer_resp_a2 frLU -400.063
DN014_QText frFR -300.108
DN014_Iwer frFR -499.864
DN014_Answer_resp_a1 frFR -300.085
DN014_Answer_resp_a2 frFR -299.964
DN014_Answer_resp_a3 frFR -399.945
DN014_Answer_resp_a4 frFR -299.960
DN014_Answer_resp_a5 frFR -299.955
DN014_Answer_resp_a6 frFR -299.979
DN014_QText frCH -300.192
DN014_Iwer frCH -699.869
DN014_Answer_resp_a1 frCH -500.006
DN014_Answer_resp_a2 frCH -200.045
DN014_Answer_resp_a3 frCH -599.871
DN014_Answer_resp_a4 frCH -399.929
DN014_Answer_resp_a5 frCH -299.955
DN014_Answer_resp_a6 frCH -399.935
DN014_QText frBE -300.076
DN014_Iwer frBE -1199.864
DN014_Answer_resp_a1 frBE -400.063
DN014_Answer_resp_a2 frBE -200.103
DN014_Answer_resp_a3 frBE -499.936
DN014_Answer_resp_a4 frBE -399.929
DN014_Answer_resp_a5 frBE -299.955
DN014_Answer_resp_a6 frBE -299.979
DN014_QText frLU -300.108
DN014_Iwer frLU -499.731
DN014_Answer_resp_a1 frLU -400.008
DN014_Answer_resp_a2 frLU -299.964
DN014_Answer_resp_a3 frLU -499.900
DN014_Answer_resp_a4 frLU -399.929
DN014_Answer_resp_a5 frLU -299.955
DN014_Answer_resp_a6 frLU -299.979
DN015_QText frFR -299.998
DN015_QText frCH -299.998
DN015_QText frBE -299.998
DN015_QText frLU -299.998
DN016_QText frFR -299.998
DN016_QText frCH -200.155
DN016_QText frBE -200.202
DN016_QText frLU -299.998
DN017_QText frFR -299.998
DN017_QText frCH -299.998
DN017_QText frBE -299.998
DN017_QText frLU -299.998
DN018_QText frFR -300.038
DN018_Iwer frFR -400.004
DN018_QText frCH -300.038
DN018_Iwer frCH -400.009
DN018_QText frBE -300.038
DN018_Iwer frBE -999.760
DN018_QText frLU -300.038
DN018_Iwer frLU -400.018
DN019_QText frFR -400.032
DN019_Iwer frFR -399.987
DN019_QText frCH -400.032
DN019_Iwer frCH -599.885
DN019_QText frBE -400.030
DN019_Iwer frBE -599.878
DN019_QText frLU -400.032
DN019_Iwer frLU -499.898
DN020_QText frFR -400.005
DN020_Iwer frFR -400.028
DN020_QText frCH -500.009
DN020_Iwer frCH -599.940
DN020_QText frBE -499.934
DN020_Iwer frBE -599.940
DN020_QText frLU -599.881
DN020_Iwer frLU -500.009
DN021_QText frFR -500.153
DN021_Iwer frFR -900.077
DN021_Answer_resp_a1 frFR -400.036
DN021_Answer_resp_a2 frFR -399.972
DN021_Answer_resp_a3 frFR -599.843
DN021_Answer_resp_a4 frFR -600.080
DN021_Answer_resp_a5 , -899.902
DN021_Answer_resp_a6 frFR -1699.380
DN021_Answer_resp_a7 frFR -700.072
DN021_Answer_resp_a8 frFR -500.159
DN021_Answer_resp_a9 frFR -999.967
DN021_Answer_resp_a10 frFR -500.001
DN021_Answer_resp_a11 frFR -299.964
DN021_QText frCH -600.168
DN021_Iwer frCH -800.226
DN021_Answer_resp_a1 frCH -500.054
DN021_Answer_resp_a2 frCH -399.945
DN021_Answer_resp_a3 frCH -500.000
DN021_Answer_resp_a4 frCH -700.024
DN021_Answer_resp_a5 frCH -500.034
DN021_Answer_resp_a6 frCH -900.068
DN021_Answer_resp_a7 frCH -499.971
DN021_Answer_resp_a8 frCH -500.088
DN021_Answer_resp_a9 frCH -799.856
DN021_Answer_resp_a10 frCH -300.006
DN021_Answer_resp_a11 frCH -300.037
DN021_Answer_resp_a12 frCH -500.043
DN021_Answer_resp_a13 frCH -299.964
DN021_QText frBE -600.060
DN021_Iwer frBE -800.170
DN021_Answer_resp_a1 frBE -299.987
DN021_Answer_resp_a2 frBE -399.961
DN021_Answer_resp_a3 frBE -500.071
DN021_Answer_resp_a4 frBE -500.110
DN021_Answer_resp_a5 frBE -400.118
DN021_Answer_resp_a6 frBE -400.137
DN021_Answer_resp_a7 frBE -400.116
DN021_Answer_resp_a8 frBE -400.178
DN021_Answer_resp_a9 frBE -400.042
DN021_Answer_resp_a10 frBE -400.057
DN021_Answer_resp_a11 frBE -400.002
DN021_Answer_resp_a12 frBE -700.033
DN021_Answer_resp_a13 frBE -600.172
DN021_Answer_resp_a14 frBE -300.154
DN021_Answer_resp_a15 frBE -300.191
DN021_Answer_resp_a16 frBE -299.964
DN021_QText frLU -800.054
DN021_Iwer frLU -1499.917
DN021_Answer_resp_a1 frLU -300.045
DN021_Answer_resp_a2 frLU -399.983
DN021_Answer_resp_a3 frLU -299.985
DN021_Answer_resp_a4 frLU -300.018
DN021_Answer_resp_a5 frLU -299.972
DN021_Answer_resp_a6 frLU -400.066
DN021_Answer_resp_a7 frLU -399.951
DN021_Answer_resp_a8 frLU -499.985
DN021_Answer_resp_a9 frLU -699.874
DN021_Answer_resp_a10 frLU -699.893
DN021_Answer_resp_a11 frLU -699.972
DN021_Answer_resp_a12 frLU -599.999
DN021_Answer_resp_a13 frLU -300.077
DN021_Answer_resp_a14 frLU -399.999
DN021_Answer_resp_a15 frLU -500.001
DN021_Answer_resp_a16 frLU -299.964
DN022_QText frFR -500.012
DN022_QText frCH -600.042
DN022_QText frBE -600.014
DN022_QText frLU -700.008
DN023_QText frFR -600.109
DN023_Answer_resp_a1 frFR -400.094
DN023_Answer_resp_a2 frFR -500.108
DN023_Answer_resp_a3 frFR -499.944
DN023_Answer_resp_a4 frFR -1599.629
DN023_Answer_resp_a5 frFR -799.794
DN023_Answer_resp_a6 frFR -1399.954
DN023_Answer_resp_a7 frFR -500.071
DN023_Answer_resp_a8 frFR -1399.763
DN023_Answer_resp_a9 frFR -800.017
DN023_Answer_resp_a10 frFR -499.972
DN023_Answer_resp_a11 frFR -400.108
DN023_Answer_resp_a12 frFR -299.964
DN023_QText frCH -800.006
DN023_Answer_resp_a1 frCH -300.142
DN023_Answer_resp_a2 frCH -1299.917
DN023_Answer_resp_a3 frCH -500.113
DN023_Answer_resp_a4 frCH -200.243
DN023_Answer_resp_a5 frCH -300.119
DN023_Answer_resp_a6 frCH -700.066
DN023_Answer_resp_a7 frCH -1900.206
DN023_Answer_resp_a8 frCH -499.904
DN023_Answer_resp_a9 frCH -599.887
DN023_Answer_resp_a10 frCH -599.910
DN023_Answer_resp_a11 frCH -599.882
DN023_Answer_resp_a12 frCH -499.981
DN023_Answer_resp_a13 frCH -599.910
DN023_Answer_resp_a14 frCH -599.868
DN023_Answer_resp_a15 frCH -299.991
DN023_Answer_resp_a16 frCH -299.964
DN023_QText frBE -700.113
DN023_Answer_resp_a1 frBE -400.094
DN023_Answer_resp_a2 frBE -400.056
DN023_Answer_resp_a3 frBE -1200.061
DN023_Answer_resp_a4 frBE -400.172
DN023_Answer_resp_a5 frBE -999.951
DN023_Answer_resp_a6 frBE -600.085
DN023_Answer_resp_a7 frBE -500.210
DN023_Answer_resp_a8 frBE -799.759
DN023_Answer_resp_a9 frBE -300.006
DN023_Answer_resp_a10 frBE -300.040
DN023_Answer_resp_a11 frBE -299.964
DN023_QText frLU -900.082
DN023_Answer_resp_a1 frLU -400.184
DN023_Answer_resp_a2 frLU -400.045
DN023_Answer_resp_a3 frLU -399.993
DN023_Answer_resp_a4 frLU -499.881
DN023_Answer_resp_a5 frLU -499.879
DN023_Answer_resp_a6 frLU -499.953
DN023_Answer_resp_a7 frLU -699.872
DN023_Answer_resp_a8 frLU -299.996
DN023_Answer_resp_a9 frLU -200.032
DN023_Answer_resp_a10 frLU -299.964
DN024_QText frFR -500.038
DN024_QText frCH -600.003
DN024_QText frBE -600.001
DN024_QText frLU -700.061
DN040_QText frFR -399.947
DN040_Answer_resp_a1 frFR -299.973
DN040_Answer_resp_a2 frFR -299.949
DN040_QText frCH -399.974
DN040_Answer_resp_a1 frCH -299.973
DN040_Answer_resp_a2 frCH -299.949
DN040_QText frBE -399.944
DN040_Answer_resp_a1 frBE -299.973
DN040_Answer_resp_a2 frBE -299.949
DN040_QText frLU -300.028
DN040_Answer_resp_a1 frLU -299.973
DN040_Answer_resp_a2 frLU -299.949
DN757_QText frFR -400.232
DN757_Answer_resp_a1 frFR -299.973
DN757_QText frCH -300.299
DN757_Answer_resp_a1 frCH -299.973
DN757_QText frBE -500.152
DN757_Answer_resp_a1 frBE -299.973
DN757_QText frLU -300.212
DN757_Answer_resp_a1 frLU -299.973
DN026_QText frFR -599.840
DN026_Answer_resp_a1 frFR -299.973
DN026_Answer_resp_a2 frFR -299.949
DN026_QText frCH -599.837
DN026_Answer_resp_a1 frCH -299.973
DN026_Answer_resp_a2 frCH -299.949
DN026_QText frBE -699.803
DN026_Answer_resp_a1 frBE -299.973
DN026_Answer_resp_a2 frBE -299.949
DN026_QText frLU -599.810
DN026_Answer_resp_a1 frLU -299.973
DN026_Answer_resp_a2 frLU -299.949
DN127_QText frFR -1000.078
DN127_QText frCH -799.994
DN127_QText frBE -1100.205
DN127_QText frLU -899.882
DN027_QText frFR -599.870
DN027_QText frCH -300.103
DN027_QText frBE -599.872
DN027_QText frLU -699.823
DN028_QText frFR -399.978
DN028_QText frCH -399.978
DN028_QText frBE -399.978
DN028_QText frLU -399.978
DN030_QText frFR -500.045
DN030_Answer_resp_a1 frFR -200.022
DN030_Answer_resp_a2 frFR -200.037
DN030_Answer_resp_a3 frFR -400.004
DN030_Answer_resp_a4 frFR -299.951
DN030_Answer_resp_a5 frFR -300.003
DN030_Answer_resp_a6 frFR -300.021
DN030_Answer_resp_a7 frFR -300.034
DN030_Answer_resp_a8 frFR -200.035
DN030_QText frCH -500.049
DN030_Answer_resp_a1 frCH -200.010
DN030_Answer_resp_a2 frCH -200.037
DN030_Answer_resp_a3 frCH -400.004
DN030_Answer_resp_a4 frCH -200.057
DN030_Answer_resp_a5 frCH -200.051
DN030_Answer_resp_a6 frCH -200.104
DN030_Answer_resp_a7 frCH -200.095
DN030_Answer_resp_a8 frCH -200.035
DN030_QText frBE -599.989
DN030_Answer_resp_a1 frBE -200.022
DN030_Answer_resp_a2 frBE -200.037
DN030_Answer_resp_a3 frBE -400.004
DN030_Answer_resp_a4 frBE -200.057
DN030_Answer_resp_a5 frBE -200.051
DN030_Answer_resp_a6 frBE -200.104
DN030_Answer_resp_a7 frBE -200.095
DN030_Answer_resp_a8 frBE -200.035
DN030_QText frLU -599.925
DN030_Answer_resp_a1 frLU -200.010
DN030_Answer_resp_a2 frLU -200.037
DN030_Answer_resp_a3 frLU -400.004
DN030_Answer_resp_a4 frLU -299.917
DN030_Answer_resp_a5 frLU -299.955
DN030_Answer_resp_a6 frLU -299.982
DN030_Answer_resp_a7 frLU -299.976
DN030_Answer_resp_a8 frLU -200.035
DN032_QText frFR -299.957
DN032_Answer_resp_a1 frFR -300.002
DN032_Answer_resp_a2 frFR -200.073
DN032_Answer_resp_a3 frFR -200.106
DN032_Answer_resp_a4 frFR -200.140
DN032_Answer_resp_a5 frFR -200.050
DN032_Answer_resp_a6 frFR -399.965
DN032_Answer_resp_a7 frFR -299.968
DN032_QText frCH -300.012
DN032_Answer_resp_a1 frCH -300.002
DN032_Answer_resp_a2 frCH -200.073
DN032_Answer_resp_a3 frCH -200.106
DN032_Answer_resp_a4 frCH -200.114
DN032_Answer_resp_a5 frCH -200.050
DN032_Answer_resp_a6 frCH -399.965
DN032_Answer_resp_a7 frCH -299.968
DN032_QText frBE -300.114
DN032_Answer_resp_a1 frBE -300.002
DN032_Answer_resp_a2 frBE -200.073
DN032_Answer_resp_a3 frBE -200.106
DN032_Answer_resp_a4 frBE -200.114
DN032_Answer_resp_a5 frBE -200.050
DN032_Answer_resp_a6 frBE -399.965
DN032_Answer_resp_a7 frBE -299.968
DN032_QText frLU -399.949
DN032_Answer_resp_a1 frLU -300.002
DN032_Answer_resp_a2 frLU -200.073
DN032_Answer_resp_a3 frLU -200.106
DN032_Answer_resp_a4 frLU -200.140
DN032_Answer_resp_a5 frLU -200.050
DN032_Answer_resp_a6 frLU -399.965
DN032_Answer_resp_a7 frLU -299.968
DN033_QText frFR -599.890
DN033_Answer_resp_a1 frFR -299.973
DN033_Answer_resp_a2 frFR -299.990
DN033_Answer_resp_a3 frFR -299.968
DN033_Answer_resp_a4 frFR -299.960
DN033_Answer_resp_a5 frFR -299.955
DN033_QText frCH -599.890
DN033_Answer_resp_a1 frCH -299.973
DN033_Answer_resp_a2 frCH -399.933
DN033_Answer_resp_a3 frCH -299.979
DN033_Answer_resp_a4 frCH -299.960
DN033_Answer_resp_a5 frCH -299.955
DN033_QText frBE -599.890
DN033_Answer_resp_a1 frBE -299.973
DN033_Answer_resp_a2 frBE -299.990
DN033_Answer_resp_a3 frBE -299.968
DN033_Answer_resp_a4 frBE -299.960
DN033_Answer_resp_a5 frBE -299.955
DN033_QText frLU -699.842
DN033_Answer_resp_a1 frLU -299.973
DN033_Answer_resp_a2 frLU -299.990
DN033_Answer_resp_a3 frLU -299.968
DN033_Answer_resp_a4 frLU -299.960
DN033_Answer_resp_a5 frLU -299.955
DN034_QText frFR -399.946
DN034_Iwer frFR -399.945
DN034_Answer_resp_a1 frFR -299.973
DN034_Answer_resp_a2 frFR -299.949
DN034_QText frCH -399.946
DN034_Iwer frCH -399.944
DN034_Answer_resp_a1 frCH -299.973
DN034_Answer_resp_a2 frCH -299.949
DN034_QText frBE -399.946
DN034_Iwer frBE -399.936
DN034_Answer_resp_a1 frBE -299.973
DN034_Answer_resp_a2 frBE -299.949
DN034_QText frLU -399.946
DN034_Iwer frLU -399.936
DN034_Answer_resp_a1 frLU -299.973
DN034_Answer_resp_a2 frLU -299.949
DN036_QText frFR -299.943
DN036_Iwer frFR -300.002
DN036_QText frCH -299.981
DN036_Iwer frCH -300.002
DN036_QText frBE -299.981
DN036_Iwer frBE -799.756
DN036_QText frLU -299.974
DN036_Iwer frLU -300.002
DN037_QText frFR -399.928
DN037_Iwer frFR -399.976
DN037_QText frCH -399.968
DN037_Iwer frCH -399.976
DN037_QText frBE -399.968
DN037_Iwer frBE -799.756
DN037_QText frLU -399.980
DN037_Iwer frLU -399.976
CH001_QText frBE -800.210
CH001_QText frLU -2100.213
CH201_QText frFR -800.526
CH201_Answer_resp_a1 frFR -299.973
CH201_QText frCH -700.814
CH201_Answer_resp_a1 frCH -299.973
CH201_QText frBE -1000.364
CH201_Answer_resp_a1 frBE -299.973
CH201_QText frLU -1100.663
CH201_Answer_resp_a1 frLU -299.973
CH603_QText frFR -800.242
CH603_Answer_resp_a1 frFR -299.973
CH603_QText frCH -600.251
CH603_Answer_resp_a1 frCH -299.973
CH603_QText frBE -900.274
CH603_Answer_resp_a1 frBE -299.973
CH603_QText frLU -700.498
CH603_Answer_resp_a1 frLU -299.973
CH302_QText frFR -1300.419
CH302_Answer_resp_a1 frFR -299.973
CH302_Answer_resp_a2 frFR -299.949
CH302_QText frCH -900.064
CH302_Answer_resp_a1 frCH -299.973
CH302_Answer_resp_a2 frCH -299.949
CH302_QText frBE -800.074
CH302_Answer_resp_a1 frBE -299.973
CH302_Answer_resp_a2 frBE -299.949
CH302_QText frLU -800.352
CH302_Answer_resp_a1 frLU -299.973
CH302_Answer_resp_a2 frLU -299.949
CH303_QText frFR -1100.105
CH303_Answer_resp_a1 frFR -200.060
CH303_QText frCH -599.787
CH303_Answer_resp_a1 frCH -399.967
CH303_QText frBE -599.890
CH303_Answer_resp_a1 frBE -299.989
CH303_QText frLU -600.031
CH303_Answer_resp_a1 frLU -399.967
CH507_QText frFR -300.000
CH507_Answer_resp_a1 frFR -299.973
CH507_QText frCH -299.892
CH507_Answer_resp_a1 frCH -299.973
CH507_QText frBE -299.974
CH507_Answer_resp_a1 frBE -299.973
CH507_QText frLU -399.941
CH507_Answer_resp_a1 frLU -299.973
CH524_Answer_resp_a1 frFR -299.973
CH524_Answer_resp_a2 frFR -299.949
CH524_Answer_resp_a1 frCH -299.973
CH524_Answer_resp_a2 frCH -299.949
CH524_Answer_resp_a1 frBE -299.973
CH524_Answer_resp_a2 frBE -299.949
CH524_Answer_resp_a1 frLU -299.973
CH524_Answer_resp_a2 frLU -299.949
CH525_QText frFR -300.008
CH525_Answer_resp_a1 frFR -399.967
CH525_QText frCH -399.964
CH525_Answer_resp_a1 frCH -399.967
CH525_QText frBE -300.008
CH525_Answer_resp_a1 frBE -299.989
CH525_QText frLU -200.050
CH525_Iwer frLU -300.035
CH525_Answer_resp_a1 frLU -399.967
CH508_Answer_resp_a1 frFR -299.973
CH508_Answer_resp_a2 frFR -299.949
CH508_Answer_resp_a1 frCH -299.973
CH508_Answer_resp_a2 frCH -299.949
CH508_Answer_resp_a1 frBE -299.973
CH508_Answer_resp_a2 frBE -299.949
CH508_Answer_resp_a1 frLU -299.973
CH508_Answer_resp_a2 frLU -299.949
CH509_QText frFR -200.017
CH509_Answer_resp_a1 frFR -399.967
CH509_QText frCH -300.014
CH509_Answer_resp_a1 frCH -399.967
CH509_QText frBE -200.017
CH509_Answer_resp_a1 frBE -299.989
CH509_QText frLU -200.017
CH509_Iwer frLU -300.035
CH509_Answer_resp_a1 frLU -399.967
CH511_Answer_resp_a1 frFR -299.973
CH511_Answer_resp_a2 frFR -299.949
CH511_Answer_resp_a1 frCH -299.973
CH511_Answer_resp_a2 frCH -299.949
CH511_Answer_resp_a1 frBE -299.973
CH511_Answer_resp_a2 frBE -299.949
CH511_Answer_resp_a1 frLU -299.973
CH511_Answer_resp_a2 frLU -299.949
CH512_QText frFR -200.017
CH512_Answer_resp_a1 frFR -399.967
CH512_QText frCH -300.014
CH512_Answer_resp_a1 frCH -399.967
CH512_QText frBE -200.017
CH512_Answer_resp_a1 frBE -299.989
CH512_QText frLU -200.017
CH512_Iwer frLU -300.035
CH512_Answer_resp_a1 frLU -399.967
CH514_Answer_resp_a1 frFR -299.973
CH514_Answer_resp_a2 frFR -299.949
CH514_Answer_resp_a1 frCH -299.973
CH514_Answer_resp_a2 frCH -299.949
CH514_Answer_resp_a1 frBE -299.973
CH514_Answer_resp_a2 frBE -299.949
CH514_Answer_resp_a1 frLU -299.973
CH514_Answer_resp_a2 frLU -299.949
CH515_QText frFR -200.072
CH515_Answer_resp_a1 frFR -399.967
CH515_QText frCH -400.031
CH515_Answer_resp_a1 frCH -399.967
CH515_QText frBE -299.992
CH515_Answer_resp_a1 frBE -299.989
CH515_QText frLU -300.040
CH515_Iwer frLU -300.035
CH515_Answer_resp_a1 frLU -399.967
CH517_Iwer frFR -300.109
CH517_Answer_resp_a1 frFR -299.973
CH517_Answer_resp_a2 frFR -299.949
CH517_Iwer frCH -500.000
CH517_Answer_resp_a1 frCH -299.973
CH517_Answer_resp_a2 frCH -299.949
CH517_Iwer frBE -599.945
CH517_Answer_resp_a1 frBE -299.973
CH517_Answer_resp_a2 frBE -299.949
CH517_Iwer frLU -399.998
CH517_Answer_resp_a1 frLU -299.973
CH517_Answer_resp_a2 frLU -299.949
CH518_QText frFR -200.108
CH518_Iwer frFR -299.987
CH518_Answer_resp_a1 frFR -399.967
CH518_QText frCH -300.063
CH518_Iwer frCH -299.987
CH518_Answer_resp_a1 frCH -399.967
CH518_QText frBE -199.998
CH518_Iwer frBE -400.009
CH518_Answer_resp_a1 frBE -299.989
CH518_QText frLU -300.046
CH518_Iwer frLU -399.994
CH518_Answer_resp_a1 frLU -399.967
CH021_QText frFR -599.866
CH021_Iwer frFR -300.042
CH021_QText frCH -799.801
CH021_Iwer frCH -299.972
CH021_QText frBE -399.925
CH021_Iwer frBE -400.042
CH021_QText frLU -400.017
CH021_Iwer frLU -300.016
CH022_QText frFR -599.805
CH022_Answer_resp_a1 frFR -299.973
CH022_Answer_resp_a2 frFR -299.949
CH022_QText frCH -799.689
CH022_Answer_resp_a1 frCH -299.973
CH022_Answer_resp_a2 frCH -299.949
CH022_QText frBE -799.710
CH022_Answer_resp_a1 frBE -299.973
CH022_Answer_resp_a2 frBE -299.949
CH022_QText frLU -599.805
CH022_Answer_resp_a1 frLU -299.973
CH022_Answer_resp_a2 frLU -299.949
CH023_Iwer frFR -300.032
CH023_Answer_resp_a1 frFR -299.973
CH023_Answer_resp_a2 frFR -399.902
CH023_Answer_resp_a3 frFR -300.013
CH023_Iwer frCH -400.097
CH023_Answer_resp_a1 frCH -299.990
CH023_Answer_resp_a2 frCH -299.997
CH023_Answer_resp_a3 frCH -399.948
CH023_Iwer frBE -999.728
CH023_Answer_resp_a1 frBE -299.990
CH023_Answer_resp_a2 frBE -200.108
CH023_Answer_resp_a3 frBE -300.054
CH023_Iwer frLU -799.768
CH023_Answer_resp_a1 frLU -299.990
CH023_Answer_resp_a2 frLU -299.990
CH023_Answer_resp_a3 frLU -399.926
CH203_Iwer frFR -400.187
CH203_Answer_resp_a1 frFR -299.973
CH203_Iwer frCH -700.198
CH203_Answer_resp_a1 frCH -299.973
CH203_Iwer frBE -600.074
CH203_Answer_resp_a1 frBE -299.973
CH203_Iwer frLU -500.153
CH203_Answer_resp_a1 frLU -299.973
CH001a_Answer_resp_a1 frFR -299.973
CH001a_Answer_resp_a1 frCH -299.973
CH001a_Answer_resp_a1 frBE -299.973
CH001a_Answer_resp_a1 frLU -299.973
CH004_QText frFR -600.023
CH004_Iwer frFR -499.900
CH004_QText frCH -800.090
CH004_Iwer frCH -399.938
CH004_QText frBE -400.085
CH004_Iwer frBE -499.900
CH004_QText frLU -600.025
CH004_Iwer frLU -399.969
CH005_QText frFR -399.997
CH005_Iwer frFR -300.022
CH005_Answer_resp_a1 frFR -300.017
CH005_Answer_resp_a2 frFR -299.989
CH005_QText frCH -399.946
CH005_Iwer frCH -300.022
CH005_Answer_resp_a1 frCH -200.042
CH005_Answer_resp_a2 frCH -199.993
CH005_QText frBE -399.992
CH005_Iwer frBE -799.870
CH005_Answer_resp_a1 frBE -299.973
CH005_Answer_resp_a2 frBE -299.964
CH005_QText frLU -399.992
CH005_Iwer frLU -300.022
CH005_Answer_resp_a1 frLU -299.973
CH005_Answer_resp_a2 frLU -299.964
CH006_QText frFR -299.956
CH006_Iwer frFR -399.995
CH006_Answer_resp_a1 frFR -399.914
CH006_QText frCH -399.971
CH006_Iwer frCH -399.965
CH006_Answer_resp_a1 frCH -399.914
CH006_QText frBE -399.971
CH006_Iwer frBE -499.928
CH006_Answer_resp_a1 frBE -399.914
CH006_QText frLU -399.971
CH006_Iwer frLU -499.928
CH006_Answer_resp_a1 frLU -399.914
CH102_Answer_resp_a1 frFR -299.973
CH102_Answer_resp_a2 frFR -299.949
CH102_Answer_resp_a1 frCH -299.973
CH102_Answer_resp_a2 frCH -299.949
CH102_Answer_resp_a1 frBE -299.973
CH102_Answer_resp_a2 frBE -299.949
CH102_Answer_resp_a1 frLU -299.973
CH102_Answer_resp_a2 frLU -299.949
CH103_Answer_resp_a1 frFR -299.973
CH103_Answer_resp_a2 frFR -299.949
CH103_Answer_resp_a1 frCH -299.973
CH103_Answer_resp_a2 frCH -299.949
CH103_Answer_resp_a1 frBE -299.973
CH103_Answer_resp_a2 frBE -299.949
CH103_Answer_resp_a1 frLU -299.973
CH103_Answer_resp_a2 frLU -299.949
CH104_Answer_resp_a1 frFR -299.973
CH104_Answer_resp_a2 frFR -299.949
CH104_Answer_resp_a1 frCH -299.973
CH104_Answer_resp_a2 frCH -299.949
CH104_Answer_resp_a1 frBE -299.973
CH104_Answer_resp_a2 frBE -299.949
CH104_Answer_resp_a1 frLU -299.973
CH104_Answer_resp_a2 frLU -299.949
CH105_Answer_resp_a1 frFR -299.973
CH105_Answer_resp_a2 frFR -299.949
CH105_Answer_resp_a1 frCH -299.973
CH105_Answer_resp_a2 frCH -299.949
CH105_Answer_resp_a1 frBE -299.973
CH105_Answer_resp_a2 frBE -299.949
CH105_Answer_resp_a1 frLU -299.973
CH105_Answer_resp_a2 frLU -299.949
CH106_Answer_resp_a1 frFR -299.973
CH106_Answer_resp_a2 frFR -299.949
CH106_Answer_resp_a1 frCH -299.973
CH106_Answer_resp_a2 frCH -299.949
CH106_Answer_resp_a1 frBE -299.973
CH106_Answer_resp_a2 frBE -299.949
CH106_Answer_resp_a1 frLU -299.973
CH106_Answer_resp_a2 frLU -299.949
CH107_Answer_resp_a1 frFR -299.973
CH107_Answer_resp_a2 frFR -299.949
CH107_Answer_resp_a1 frCH -299.973
CH107_Answer_resp_a2 frCH -299.949
CH107_Answer_resp_a1 frBE -299.973
CH107_Answer_resp_a2 frBE -299.949
CH107_Answer_resp_a1 frLU -299.973
CH107_Answer_resp_a2 frLU -299.949
CH108_Answer_resp_a1 frFR -299.973
CH108_Answer_resp_a2 frFR -299.949
CH108_Answer_resp_a1 frCH -299.973
CH108_Answer_resp_a2 frCH -299.949
CH108_Answer_resp_a1 frBE -299.973
CH108_Answer_resp_a2 frBE -299.949
CH108_Answer_resp_a1 frLU -299.973
CH108_Answer_resp_a2 frLU -299.949
CH014_Answer_resp_a1 frFR -300.002
CH014_Answer_resp_a2 frFR -200.073
CH014_Answer_resp_a3 frFR -200.106
CH014_Answer_resp_a4 frFR -200.140
CH014_Answer_resp_a5 frFR -200.050
CH014_Answer_resp_a6 frFR -399.965
CH014_Answer_resp_a7 frFR -299.968
CH014_Answer_resp_a1 frCH -300.002
CH014_Answer_resp_a2 frCH -200.073
CH014_Answer_resp_a3 frCH -200.106
CH014_Answer_resp_a4 frCH -200.114
CH014_Answer_resp_a5 frCH -200.050
CH014_Answer_resp_a6 frCH -399.965
CH014_Answer_resp_a7 frCH -299.968
CH014_Answer_resp_a1 frBE -300.002
CH014_Answer_resp_a2 frBE -200.073
CH014_Answer_resp_a3 frBE -200.106
CH014_Answer_resp_a4 frBE -200.114
CH014_Answer_resp_a5 frBE -200.050
CH014_Answer_resp_a6 frBE -399.965
CH014_Answer_resp_a7 frBE -299.968
CH014_Answer_resp_a1 frLU -300.002
CH014_Answer_resp_a2 frLU -200.073
CH014_Answer_resp_a3 frLU -200.106
CH014_Answer_resp_a4 frLU -200.140
CH014_Answer_resp_a5 frLU -200.050
CH014_Answer_resp_a6 frLU -399.965
CH014_Answer_resp_a7 frLU -299.968
CH007_Answer_resp_a1 frFR -200.022
CH007_Answer_resp_a2 frFR -200.037
CH007_Answer_resp_a3 frFR -400.004
CH007_Answer_resp_a4 frFR -299.951
CH007_Answer_resp_a5 frFR -300.003
CH007_Answer_resp_a6 frFR -300.021
CH007_Answer_resp_a7 frFR -300.034
CH007_Answer_resp_a8 frFR -200.035
CH007_Answer_resp_a1 frCH -200.010
CH007_Answer_resp_a2 frCH -200.037
CH007_Answer_resp_a3 frCH -400.004
CH007_Answer_resp_a4 frCH -200.057
CH007_Answer_resp_a5 frCH -200.051
CH007_Answer_resp_a6 frCH -200.104
CH007_Answer_resp_a7 frCH -200.095
CH007_Answer_resp_a8 frCH -200.035
CH007_Answer_resp_a1 frBE -200.022
CH007_Answer_resp_a2 frBE -200.037
CH007_Answer_resp_a3 frBE -400.004
CH007_Answer_resp_a4 frBE -200.057
CH007_Answer_resp_a5 frBE -200.051
CH007_Answer_resp_a6 frBE -200.104
CH007_Answer_resp_a7 frBE -200.095
CH007_Answer_resp_a8 frBE -200.035
CH007_Answer_resp_a1 frLU -200.010
CH007_Answer_resp_a2 frLU -200.037
CH007_Answer_resp_a3 frLU -400.004
CH007_Answer_resp_a4 frLU -299.917
CH007_Answer_resp_a5 frLU -299.955
CH007_Answer_resp_a6 frLU -299.982
CH007_Answer_resp_a7 frLU -299.976
CH007_Answer_resp_a8 frLU -200.035
CH012_Answer_resp_a1 frFR -300.085
CH012_Answer_resp_a2 frFR -299.964
CH012_Answer_resp_a3 frFR -399.945
CH012_Answer_resp_a4 frFR -299.960
CH012_Answer_resp_a5 frFR -299.955
CH012_Answer_resp_a6 frFR -299.979
CH012_Answer_resp_a1 frCH -500.006
CH012_Answer_resp_a2 frCH -200.045
CH012_Answer_resp_a3 frCH -599.871
CH012_Answer_resp_a4 frCH -399.929
CH012_Answer_resp_a5 frCH -299.955
CH012_Answer_resp_a6 frCH -399.935
CH012_Answer_resp_a1 frBE -400.063
CH012_Answer_resp_a2 frBE -200.103
CH012_Answer_resp_a3 frBE -499.936
CH012_Answer_resp_a4 frBE -399.929
CH012_Answer_resp_a5 frBE -299.955
CH012_Answer_resp_a6 frBE -299.979
CH012_Answer_resp_a1 frLU -400.008
CH012_Answer_resp_a2 frLU -299.964
CH012_Answer_resp_a3 frLU -499.900
CH012_Answer_resp_a4 frLU -399.929
CH012_Answer_resp_a5 frLU -299.955
CH012_Answer_resp_a6 frLU -299.979
CH013_Answer_resp_a1 frFR -299.973
CH013_Answer_resp_a2 frFR -299.949
CH013_Answer_resp_a1 frCH -299.973
CH013_Answer_resp_a2 frCH -299.949
CH013_Answer_resp_a1 frBE -299.973
CH013_Answer_resp_a2 frBE -299.949
CH013_Answer_resp_a1 frLU -299.973
CH013_Answer_resp_a2 frLU -299.949
CH015_Iwer frFR -1500.245
CH015_Iwer frCH -700.081
CH015_Iwer frBE -1199.956
CH015_Iwer frLU -1399.885
CH016_Answer_resp_a1 frFR -300.046
CH016_Answer_resp_a2 frFR -299.986
CH016_Answer_resp_a3 frFR -300.073
CH016_Answer_resp_a4 frFR -200.037
CH016_Answer_resp_a5 , -300.099
CH016_Answer_resp_a6 frFR -200.125
CH016_Answer_resp_a7 frFR -200.084
CH016_Answer_resp_a8 , -300.156
CH016_Answer_resp_a9 frFR -200.028
CH016_Answer_resp_a10 frFR -299.964
CH016_Answer_resp_a1 frCH -300.034
CH016_Answer_resp_a2 frCH -299.986
CH016_Answer_resp_a3 frCH -300.073
CH016_Answer_resp_a4 frCH -200.037
CH016_Answer_resp_a5 , -300.101
CH016_Answer_resp_a6 frCH -200.125
CH016_Answer_resp_a7 frCH -200.066
CH016_Answer_resp_a8 frCH -300.172
CH016_Answer_resp_a9 frCH -200.028
CH016_Answer_resp_a10 frCH -299.964
CH016_Answer_resp_a1 frBE -200.057
CH016_Answer_resp_a2 frBE -200.031
CH016_Answer_resp_a3 frBE -300.073
CH016_Answer_resp_a4 frBE -200.015
CH016_Answer_resp_a5 frBE -400.011
CH016_Answer_resp_a6 frBE -200.125
CH016_Answer_resp_a7 frBE -200.084
CH016_Answer_resp_a8 frBE -300.111
CH016_Answer_resp_a9 frBE -200.028
CH016_Answer_resp_a10 frBE -299.964
CH016_Answer_resp_a1 frLU -300.046
CH016_Answer_resp_a2 frLU -299.986
CH016_Answer_resp_a3 frLU -300.049
CH016_Answer_resp_a4 frLU -200.037
CH016_Answer_resp_a5 , -300.099
CH016_Answer_resp_a6 frLU -200.125
CH016_Answer_resp_a7 frLU -200.084
CH016_Answer_resp_a8 , -300.156
CH016_Answer_resp_a9 frLU -300.012
CH016_Answer_resp_a10 frLU -299.964
CH017_Iwer frFR -900.077
CH017_Answer_resp_a1 frFR -400.036
CH017_Answer_resp_a2 frFR -399.972
CH017_Answer_resp_a3 frFR -599.843
CH017_Answer_resp_a4 frFR -600.080
CH017_Answer_resp_a5 , -899.902
CH017_Answer_resp_a6 frFR -1699.380
CH017_Answer_resp_a7 frFR -700.072
CH017_Answer_resp_a8 frFR -500.159
CH017_Answer_resp_a9 frFR -999.967
CH017_Answer_resp_a10 frFR -500.001
CH017_Answer_resp_a11 frFR -299.964
CH017_Iwer frCH -600.260
CH017_Answer_resp_a1 frCH -500.054
CH017_Answer_resp_a2 frCH -399.945
CH017_Answer_resp_a3 frCH -500.000
CH017_Answer_resp_a4 frCH -700.024
CH017_Answer_resp_a5 frCH -500.034
CH017_Answer_resp_a6 frCH -900.068
CH017_Answer_resp_a7 frCH -499.971
CH017_Answer_resp_a8 frCH -500.088
CH017_Answer_resp_a9 frCH -799.856
CH017_Answer_resp_a10 frCH -300.006
CH017_Answer_resp_a11 frCH -300.037
CH017_Answer_resp_a12 frCH -500.043
CH017_Answer_resp_a13 frCH -299.964
CH017_Iwer frBE -800.170
CH017_Answer_resp_a1 frBE -299.987
CH017_Answer_resp_a2 frBE -399.961
CH017_Answer_resp_a3 frBE -500.071
CH017_Answer_resp_a4 frBE -500.110
CH017_Answer_resp_a5 frBE -400.118
CH017_Answer_resp_a6 frBE -400.137
CH017_Answer_resp_a7 frBE -400.116
CH017_Answer_resp_a8 frBE -400.178
CH017_Answer_resp_a9 frBE -400.042
CH017_Answer_resp_a10 frBE -400.057
CH017_Answer_resp_a11 frBE -400.002
CH017_Answer_resp_a12 frBE -700.033
CH017_Answer_resp_a13 frBE -600.172
CH017_Answer_resp_a14 frBE -300.154
CH017_Answer_resp_a15 frBE -300.191
CH017_Answer_resp_a16 frBE -299.964
CH017_Iwer frLU -1200.058
CH017_Answer_resp_a1 frLU -300.045
CH017_Answer_resp_a2 frLU -399.983
CH017_Answer_resp_a3 frLU -299.985
CH017_Answer_resp_a4 frLU -300.018
CH017_Answer_resp_a5 frLU -299.972
CH017_Answer_resp_a6 frLU -400.066
CH017_Answer_resp_a7 frLU -399.951
CH017_Answer_resp_a8 frLU -499.985
CH017_Answer_resp_a9 frLU -699.874
CH017_Answer_resp_a10 frLU -699.893
CH017_Answer_resp_a11 frLU -699.972
CH017_Answer_resp_a12 frLU -599.999
CH017_Answer_resp_a13 frLU -300.077
CH017_Answer_resp_a14 frLU -399.999
CH017_Answer_resp_a15 frLU -500.001
CH017_Answer_resp_a16 frLU -299.964
CH018_Answer_resp_a1 frFR -400.094
CH018_Answer_resp_a2 frFR -500.108
CH018_Answer_resp_a3 frFR -499.944
CH018_Answer_resp_a4 frFR -1599.629
CH018_Answer_resp_a5 frFR -799.794
CH018_Answer_resp_a6 frFR -1399.954
CH018_Answer_resp_a7 frFR -500.071
CH018_Answer_resp_a8 frFR -1399.763
CH018_Answer_resp_a9 frFR -800.017
CH018_Answer_resp_a10 frFR -499.972
CH018_Answer_resp_a11 frFR -400.108
CH018_Answer_resp_a12 frFR -299.964
CH018_Answer_resp_a1 frCH -300.142
CH018_Answer_resp_a2 frCH -1299.917
CH018_Answer_resp_a3 frCH -500.113
CH018_Answer_resp_a4 frCH -200.243
CH018_Answer_resp_a5 frCH -300.119
CH018_Answer_resp_a6 frCH -700.066
CH018_Answer_resp_a7 frCH -1900.206
CH018_Answer_resp_a8 frCH -499.904
CH018_Answer_resp_a9 frCH -599.887
CH018_Answer_resp_a10 frCH -599.910
CH018_Answer_resp_a11 frCH -599.882
CH018_Answer_resp_a12 frCH -499.981
CH018_Answer_resp_a13 frCH -599.910
CH018_Answer_resp_a14 frCH -599.868
CH018_Answer_resp_a15 frCH -299.991
CH018_Answer_resp_a16 frCH -299.964
CH018_Answer_resp_a1 frBE -400.094
CH018_Answer_resp_a2 frBE -400.056
CH018_Answer_resp_a3 frBE -1200.061
CH018_Answer_resp_a4 frBE -400.172
CH018_Answer_resp_a5 frBE -999.951
CH018_Answer_resp_a6 frBE -600.085
CH018_Answer_resp_a7 frBE -500.210
CH018_Answer_resp_a8 frBE -799.759
CH018_Answer_resp_a9 frBE -300.006
CH018_Answer_resp_a10 frBE -300.040
CH018_Answer_resp_a11 frBE -299.964
CH018_Iwer frLU -800.116
CH018_Answer_resp_a1 frLU -400.184
CH018_Answer_resp_a2 frLU -400.045
CH018_Answer_resp_a3 frLU -399.993
CH018_Answer_resp_a4 frLU -499.881
CH018_Answer_resp_a5 frLU -499.879
CH018_Answer_resp_a6 frLU -499.953
CH018_Answer_resp_a7 frLU -699.872
CH018_Answer_resp_a8 frLU -299.996
CH018_Answer_resp_a9 frLU -200.032
CH018_Answer_resp_a10 frLU -299.964
CH019_Iwer frFR -300.204
CH019_Iwer frCH -600.004
CH019_Iwer frBE -599.978
CH019_Iwer frLU -699.997
CH020_Answer_resp_a1 frFR -399.914
CH020_Answer_resp_a1 frCH -399.914
CH020_Answer_resp_a1 frBE -399.914
CH020_Answer_resp_a1 frLU -399.914
CH526_Answer_resp_a1 frFR -200.022
CH526_Answer_resp_a2 frFR -200.037
CH526_Answer_resp_a3 frFR -400.004
CH526_Answer_resp_a4 frFR -299.951
CH526_Answer_resp_a5 frFR -300.003
CH526_Answer_resp_a6 frFR -300.021
CH526_Answer_resp_a7 frFR -300.034
CH526_Answer_resp_a8 frFR -200.035
CH526_Answer_resp_a1 frCH -200.010
CH526_Answer_resp_a2 frCH -200.037
CH526_Answer_resp_a3 frCH -400.004
CH526_Answer_resp_a4 frCH -200.057
CH526_Answer_resp_a5 frCH -200.051
CH526_Answer_resp_a6 frCH -200.104
CH526_Answer_resp_a7 frCH -200.095
CH526_Answer_resp_a8 frCH -200.035
CH526_QText frBE -599.970
CH526_Answer_resp_a1 frBE -200.022
CH526_Answer_resp_a2 frBE -200.037
CH526_Answer_resp_a3 frBE -400.004
CH526_Answer_resp_a4 frBE -200.057
CH526_Answer_resp_a5 frBE -200.051
CH526_Answer_resp_a6 frBE -200.104
CH526_Answer_resp_a7 frBE -200.095
CH526_Answer_resp_a8 frBE -200.035
CH526_Answer_resp_a1 frLU -200.010
CH526_Answer_resp_a2 frLU -200.037
CH526_Answer_resp_a3 frLU -400.004
CH526_Answer_resp_a4 frLU -299.917
CH526_Answer_resp_a5 frLU -299.955
CH526_Answer_resp_a6 frLU -299.982
CH526_Answer_resp_a7 frLU -299.976
CH526_Answer_resp_a8 frLU -200.035
CH510_Iwer frFR -900.077
CH510_Answer_resp_a1 frFR -400.036
CH510_Answer_resp_a2 frFR -399.972
CH510_Answer_resp_a3 frFR -599.843
CH510_Answer_resp_a4 frFR -600.080
CH510_Answer_resp_a5 , -899.902
CH510_Answer_resp_a6 frFR -1699.380
CH510_Answer_resp_a7 frFR -700.072
CH510_Answer_resp_a8 frFR -500.159
CH510_Answer_resp_a9 frFR -999.967
CH510_Answer_resp_a10 frFR -500.001
CH510_Answer_resp_a11 frFR -299.964
CH510_Iwer frCH -600.260
CH510_Answer_resp_a1 frCH -500.054
CH510_Answer_resp_a2 frCH -399.945
CH510_Answer_resp_a3 frCH -500.000
CH510_Answer_resp_a4 frCH -700.024
CH510_Answer_resp_a5 frCH -500.034
CH510_Answer_resp_a6 frCH -900.068
CH510_Answer_resp_a7 frCH -499.971
CH510_Answer_resp_a8 frCH -500.088
CH510_Answer_resp_a9 frCH -799.856
CH510_Answer_resp_a10 frCH -300.006
CH510_Answer_resp_a11 frCH -300.037
CH510_Answer_resp_a12 frCH -500.043
CH510_Answer_resp_a13 frCH -299.964
CH510_Iwer frBE -800.170
CH510_Answer_resp_a1 frBE -299.987
CH510_Answer_resp_a2 frBE -399.961
CH510_Answer_resp_a3 frBE -500.071
CH510_Answer_resp_a4 frBE -500.110
CH510_Answer_resp_a5 frBE -400.118
CH510_Answer_resp_a6 frBE -400.137
CH510_Answer_resp_a7 frBE -400.116
CH510_Answer_resp_a8 frBE -400.178
CH510_Answer_resp_a9 frBE -400.042
CH510_Answer_resp_a10 frBE -400.057
CH510_Answer_resp_a11 frBE -400.002
CH510_Answer_resp_a12 frBE -700.033
CH510_Answer_resp_a13 frBE -600.172
CH510_Answer_resp_a14 frBE -300.154
CH510_Answer_resp_a15 frBE -300.191
CH510_Answer_resp_a16 frBE -299.964
CH510_Iwer frLU -1199.985
CH510_Answer_resp_a1 frLU -300.045
CH510_Answer_resp_a2 frLU -399.983
CH510_Answer_resp_a3 frLU -299.985
CH510_Answer_resp_a4 frLU -300.018
CH510_Answer_resp_a5 frLU -299.972
CH510_Answer_resp_a6 frLU -400.066
CH510_Answer_resp_a7 frLU -399.951
CH510_Answer_resp_a8 frLU -499.985
CH510_Answer_resp_a9 frLU -699.874
CH510_Answer_resp_a10 frLU -699.893
CH510_Answer_resp_a11 frLU -699.972
CH510_Answer_resp_a12 frLU -599.999
CH510_Answer_resp_a13 frLU -300.077
CH510_Answer_resp_a14 frLU -399.999
CH510_Answer_resp_a15 frLU -500.001
CH510_Answer_resp_a16 frLU -299.964
CH513_Answer_resp_a1 frFR -400.094
CH513_Answer_resp_a2 frFR -500.108
CH513_Answer_resp_a3 frFR -499.944
CH513_Answer_resp_a4 frFR -1599.629
CH513_Answer_resp_a5 frFR -799.794
CH513_Answer_resp_a6 frFR -1399.954
CH513_Answer_resp_a7 frFR -500.071
CH513_Answer_resp_a8 frFR -1399.763
CH513_Answer_resp_a9 frFR -800.017
CH513_Answer_resp_a10 frFR -499.972
CH513_Answer_resp_a11 frFR -400.108
CH513_Answer_resp_a12 frFR -299.964
CH513_Answer_resp_a1 frCH -300.142
CH513_Answer_resp_a2 frCH -1299.917
CH513_Answer_resp_a3 frCH -500.113
CH513_Answer_resp_a4 frCH -200.243
CH513_Answer_resp_a5 frCH -300.119
CH513_Answer_resp_a6 frCH -700.066
CH513_Answer_resp_a7 frCH -1900.206
CH513_Answer_resp_a8 frCH -499.904
CH513_Answer_resp_a9 frCH -599.887
CH513_Answer_resp_a10 frCH -599.910
CH513_Answer_resp_a11 frCH -599.882
CH513_Answer_resp_a12 frCH -499.981
CH513_Answer_resp_a13 frCH -599.910
CH513_Answer_resp_a14 frCH -599.868
CH513_Answer_resp_a15 frCH -299.991
CH513_Answer_resp_a16 frCH -299.964
CH513_Answer_resp_a1 frBE -400.094
CH513_Answer_resp_a2 frBE -400.056
CH513_Answer_resp_a3 frBE -1200.061
CH513_Answer_resp_a4 frBE -400.172
CH513_Answer_resp_a5 frBE -999.951
CH513_Answer_resp_a6 frBE -600.085
CH513_Answer_resp_a7 frBE -500.210
CH513_Answer_resp_a8 frBE -799.759
CH513_Answer_resp_a9 frBE -300.006
CH513_Answer_resp_a10 frBE -300.040
CH513_Answer_resp_a11 frBE -299.964
CH513_Answer_resp_a1 frLU -400.184
CH513_Answer_resp_a2 frLU -400.045
CH513_Answer_resp_a3 frLU -399.993
CH513_Answer_resp_a4 frLU -499.881
CH513_Answer_resp_a5 frLU -499.879
CH513_Answer_resp_a6 frLU -499.953
CH513_Answer_resp_a7 frLU -699.872
CH513_Answer_resp_a8 frLU -299.996
CH513_Answer_resp_a9 frLU -200.032
CH513_Answer_resp_a10 frLU -299.964
CH516_QText frFR -500.005
CH516_Answer_resp_a1 frFR -300.085
CH516_Answer_resp_a2 frFR -299.964
CH516_Answer_resp_a3 frFR -399.945
CH516_Answer_resp_a4 frFR -299.960
CH516_Answer_resp_a5 frFR -299.955
CH516_Answer_resp_a6 frFR -299.979
CH516_Answer_resp_a1 frCH -500.006
CH516_Answer_resp_a2 frCH -200.045
CH516_Answer_resp_a3 frCH -599.871
CH516_Answer_resp_a4 frCH -399.929
CH516_Answer_resp_a5 frCH -299.955
CH516_Answer_resp_a6 frCH -399.935
CH516_QText frBE -599.936
CH516_Answer_resp_a1 frBE -400.063
CH516_Answer_resp_a2 frBE -200.103
CH516_Answer_resp_a3 frBE -499.936
CH516_Answer_resp_a4 frBE -399.929
CH516_Answer_resp_a5 frBE -299.955
CH516_Answer_resp_a6 frBE -299.979
CH516_Answer_resp_a1 frLU -400.008
CH516_Answer_resp_a2 frLU -299.964
CH516_Answer_resp_a3 frLU -499.900
CH516_Answer_resp_a4 frLU -399.929
CH516_Answer_resp_a5 frLU -299.955
CH516_Answer_resp_a6 frLU -299.979
CH519_QText frBE -499.934
CH520_QText frFR -300.068
CH520_Answer_resp_a1 frFR -399.914
CH520_QText frCH -300.068
CH520_Answer_resp_a1 frCH -399.914
CH520_QText frBE -300.024
CH520_Answer_resp_a1 frBE -399.914
CH520_QText frLU -300.068
CH520_Answer_resp_a1 frLU -399.914
PH001_QText frFR -300.000
PH001_Answer_resp_a1 frFR -299.973
PH001_QText frCH -300.000
PH001_Answer_resp_a1 frCH -299.973
PH001_QText frBE -300.000
PH001_Answer_resp_a1 frBE -299.973
PH001_QText frLU -500.195
PH001_Answer_resp_a1 frLU -299.973
PH054_Iwer frFR -300.032
PH054_Answer_resp_a1 frFR -299.973
PH054_Answer_resp_a2 frFR -399.902
PH054_Answer_resp_a3 frFR -300.013
PH054_Iwer frCH -400.097
PH054_Answer_resp_a1 frCH -299.990
PH054_Answer_resp_a2 frCH -299.997
PH054_Answer_resp_a3 frCH -399.948
PH054_Iwer frBE -999.728
PH054_Answer_resp_a1 frBE -299.990
PH054_Answer_resp_a2 frBE -200.108
PH054_Answer_resp_a3 frBE -300.054
PH054_Iwer frLU -799.768
PH054_Answer_resp_a1 frLU -299.990
PH054_Answer_resp_a2 frLU -299.990
PH054_Answer_resp_a3 frLU -399.926
PH003_QText frFR -299.965
PH003_Answer_resp_a1 frFR -299.973
PH003_Answer_resp_a2 frFR -299.990
PH003_Answer_resp_a3 frFR -299.968
PH003_Answer_resp_a4 frFR -299.960
PH003_Answer_resp_a5 frFR -299.955
PH003_QText frCH -299.965
PH003_Answer_resp_a1 frCH -299.973
PH003_Answer_resp_a2 frCH -299.995
PH003_Answer_resp_a3 frCH -299.979
PH003_Answer_resp_a4 frCH -299.960
PH003_Answer_resp_a5 frCH -299.955
PH003_QText frBE -299.965
PH003_Answer_resp_a1 frBE -299.973
PH003_Answer_resp_a2 frBE -299.990
PH003_Answer_resp_a3 frBE -299.968
PH003_Answer_resp_a4 frBE -299.960
PH003_Answer_resp_a5 frBE -299.955
PH003_QText frLU -299.965
PH003_Answer_resp_a1 frLU -299.973
PH003_Answer_resp_a2 frLU -299.990
PH003_Answer_resp_a3 frLU -299.968
PH003_Answer_resp_a4 frLU -299.960
PH003_Answer_resp_a5 frLU -299.955
PH004_QText frFR -700.098
PH004_Iwer frFR -300.034
PH004_Answer_resp_a1 frFR -299.973
PH004_Answer_resp_a2 frFR -299.949
PH004_QText frCH -1000.248
PH004_Iwer frCH -300.011
PH004_Answer_resp_a1 frCH -299.973
PH004_Answer_resp_a2 frCH -299.949
PH004_QText frBE -600.292
PH004_Iwer frBE -300.006
PH004_Answer_resp_a1 frBE -299.973
PH004_Answer_resp_a2 frBE -299.949
PH004_QText frLU -1200.116
PH004_Iwer frLU -300.028
PH004_Answer_resp_a1 frLU -299.973
PH004_Answer_resp_a2 frLU -299.949
PH005_QText frFR -400.072
PH005_Answer_resp_a1 frFR -399.942
PH005_Answer_resp_a2 frFR -299.920
PH005_Answer_resp_a3 frFR -399.947
PH005_QText frCH -600.042
PH005_Answer_resp_a1 frCH -399.942
PH005_Answer_resp_a2 frCH -299.920
PH005_Answer_resp_a3 frCH -399.968
PH005_QText frBE -499.981
PH005_Answer_resp_a1 frBE -399.942
PH005_Answer_resp_a2 frBE -299.920
PH005_Answer_resp_a3 frBE -399.968
PH005_QText frLU -300.100
PH005_Answer_resp_a1 frLU -299.999
PH005_Answer_resp_a2 frLU -299.884
PH005_Answer_resp_a3 frLU -299.999
PH061_QText frFR -300.133
PH061_Answer_resp_a1 frFR -299.973
PH061_Answer_resp_a2 frFR -299.949
PH061_QText frCH -400.042
PH061_Answer_resp_a1 frCH -299.973
PH061_Answer_resp_a2 frCH -299.949
PH061_QText frBE -399.998
PH061_Answer_resp_a1 frBE -299.973
PH061_Answer_resp_a2 frBE -299.949
PH061_QText frLU -300.153
PH061_Answer_resp_a1 frLU -299.973
PH061_Answer_resp_a2 frLU -299.949
PH006_QText frFR -1200.285
PH006_Answer_resp_a1 frFR -1099.971
PH006_Answer_resp_a2 frFR -399.987
PH006_Answer_resp_a3 frFR -399.928
PH006_Answer_resp_a4 frFR -599.967
PH006_Answer_resp_a5 frFR -399.957
PH006_Answer_resp_a6 frFR -499.991
PH006_Answer_resp_a7 frFR -800.030
PH006_Answer_resp_a8 frFR -499.938
PH006_Answer_resp_a9 frFR -299.976
PH006_Answer_resp_a10 frFR -299.977
PH006_Answer_resp_a11 frFR -399.929
PH006_Answer_resp_a12 frFR -399.926
PH006_Answer_resp_a13 frFR -600.036
PH006_Answer_resp_a14 frFR -600.037
PH006_Answer_resp_a15 frFR -399.944
PH006_Answer_resp_a16 frFR -399.983
PH006_Answer_resp_a17 frFR -399.945
PH006_Answer_resp_a18 frFR -299.972
PH006_Answer_resp_a19 frFR -300.047
PH006_QText frCH -1300.394
PH006_Answer_resp_a1 frCH -900.064
PH006_Answer_resp_a2 frCH -399.987
PH006_Answer_resp_a3 frCH -399.928
PH006_Answer_resp_a4 frCH -600.022
PH006_Answer_resp_a5 frCH -399.957
PH006_Answer_resp_a6 frCH -500.033
PH006_Answer_resp_a7 frCH -800.030
PH006_Answer_resp_a8 frCH -499.938
PH006_Answer_resp_a9 frCH -299.976
PH006_Answer_resp_a10 frCH -299.977
PH006_Answer_resp_a11 frCH -500.013
PH006_Answer_resp_a12 frCH -399.926
PH006_Answer_resp_a13 frCH -600.001
PH006_Answer_resp_a14 frCH -600.073
PH006_Answer_resp_a15 frCH -399.944
PH006_Answer_resp_a16 frCH -399.983
PH006_Answer_resp_a17 frCH -399.944
PH006_Answer_resp_a18 frCH -299.972
PH006_Answer_resp_a19 frCH -300.140
PH006_QText frBE -1500.233
PH006_Answer_resp_a1 frBE -900.103
PH006_Answer_resp_a2 frBE -399.955
PH006_Answer_resp_a3 frBE -300.040
PH006_Answer_resp_a4 frBE -400.093
PH006_Answer_resp_a5 frBE -400.100
PH006_Answer_resp_a6 frBE -400.115
PH006_Answer_resp_a7 frBE -500.013
PH006_Answer_resp_a8 frBE -699.908
PH006_Answer_resp_a9 frBE -299.976
PH006_Answer_resp_a10 frBE -299.977
PH006_Answer_resp_a11 frBE -400.033
PH006_Answer_resp_a12 frBE -399.926
PH006_Answer_resp_a13 frBE -600.049
PH006_Answer_resp_a14 frBE -600.046
PH006_Answer_resp_a15 frBE -399.944
PH006_Answer_resp_a16 frBE -499.940
PH006_Answer_resp_a17 frBE -399.945
PH006_Answer_resp_a18 frBE -299.972
PH006_Answer_resp_a19 frBE -300.082
PH006_QText frLU -1400.214
PH006_Answer_resp_a1 frLU -1000.009
PH006_Answer_resp_a2 frLU -499.955
PH006_Answer_resp_a3 frLU -400.013
PH006_Answer_resp_a4 frLU -600.080
PH006_Answer_resp_a5 frLU -399.954
PH006_Answer_resp_a6 frLU -500.040
PH006_Answer_resp_a7 frLU -800.091
PH006_Answer_resp_a8 frLU -699.940
PH006_Answer_resp_a9 frLU -299.976
PH006_Answer_resp_a10 frLU -299.977
PH006_Answer_resp_a11 frLU -499.957
PH006_Answer_resp_a12 frLU -399.926
PH006_Answer_resp_a13 frLU -599.985
PH006_Answer_resp_a14 frLU -600.025
PH006_Answer_resp_a15 frLU -599.887
PH006_Answer_resp_a16 frLU -399.995
PH006_Answer_resp_a17 frLU -399.945
PH006_Answer_resp_a18 frLU -299.972
PH006_Answer_resp_a19 frLU -300.030
PH007_QText frFR -300.052
PH007_Iwer frFR -499.971
PH007_QText frCH -200.076
PH007_Iwer frCH -400.008
PH007_QText frBE -200.076
PH007_Iwer frBE -499.888
PH007_QText frLU -200.076
PH007_Iwer frLU -499.971
PH089_QText frFR -800.056
PH089_Answer_resp_a1 frFR -299.973
PH089_Answer_resp_a2 frFR -300.022
PH089_Answer_resp_a3 frFR -599.880
PH089_Answer_resp_a4 frFR -401.218
PH089_Answer_resp_a5 frFR -200.026
PH089_QText frCH -700.097
PH089_Answer_resp_a1 frCH -299.973
PH089_Answer_resp_a2 frCH -300.022
PH089_Answer_resp_a3 frCH -599.880
PH089_Answer_resp_a4 frCH -399.949
PH089_Answer_resp_a5 frCH -200.026
PH089_QText frBE -800.076
PH089_Answer_resp_a1 frBE -299.973
PH089_Answer_resp_a2 frBE -300.026
PH089_Answer_resp_a3 frBE -499.922
PH089_Answer_resp_a4 frBE -499.888
PH089_Answer_resp_a5 frBE -299.940
PH089_QText frLU -600.142
PH089_Answer_resp_a1 frLU -299.973
PH089_Answer_resp_a2 frLU -300.001
PH089_Answer_resp_a3 frLU -400.007
PH089_Answer_resp_a4 frLU -299.982
PH089_Answer_resp_a5 frLU -299.972
PH084_QText frFR -300.080
PH084_Answer_resp_a1 frFR -299.973
PH084_Answer_resp_a2 frFR -299.949
PH084_QText frCH -399.983
PH084_Answer_resp_a1 frCH -299.973
PH084_Answer_resp_a2 frCH -299.949
PH084_QText frBE -300.035
PH084_Answer_resp_a1 frBE -299.973
PH084_Answer_resp_a2 frBE -299.949
PH084_QText frLU -399.983
PH084_Answer_resp_a1 frLU -299.973
PH084_Answer_resp_a2 frLU -299.949
PH085_QText frFR -399.962
PH085_Answer_resp_a1 frFR -299.973
PH085_Answer_resp_a2 frFR -299.979
PH085_Answer_resp_a3 frFR -299.955
PH085_QText frCH -399.929
PH085_Answer_resp_a1 frCH -299.973
PH085_Answer_resp_a2 frCH -299.979
PH085_Answer_resp_a3 frCH -299.955
PH085_QText frBE -299.990
PH085_Answer_resp_a1 frBE -299.974
PH085_Answer_resp_a2 frBE -299.979
PH085_Answer_resp_a3 frBE -299.955
PH085_QText frLU -300.035
PH085_Answer_resp_a1 frLU -299.973
PH085_Answer_resp_a2 frLU -299.979
PH085_Answer_resp_a3 frLU -299.955
PH087_QText frFR -400.112
PH087_Answer_resp_a1 frFR -200.040
PH087_Answer_resp_a2 frFR -299.971
PH087_Answer_resp_a3 frFR -199.990
PH087_Answer_resp_a4 frFR -399.929
PH087_Answer_resp_a5 frFR -200.075
PH087_Answer_resp_a6 frFR -500.086
PH087_Answer_resp_a7 frFR -299.968
PH087_QText frCH -400.107
PH087_Answer_resp_a1 frCH -200.040
PH087_Answer_resp_a2 frCH -299.971
PH087_Answer_resp_a3 frCH -199.990
PH087_Answer_resp_a4 frCH -399.929
PH087_Answer_resp_a5 frCH -200.075
PH087_Answer_resp_a6 frCH -400.079
PH087_Answer_resp_a7 frCH -299.968
PH087_QText frBE -600.050
PH087_Answer_resp_a1 frBE -299.971
PH087_Answer_resp_a2 frBE -299.964
PH087_Answer_resp_a3 frBE -299.979
PH087_Answer_resp_a4 frBE -399.929
PH087_Answer_resp_a5 frBE -399.898
PH087_Answer_resp_a6 frBE -400.104
PH087_Answer_resp_a7 frBE -299.968
PH087_QText frLU -699.998
PH087_Iwer frLU -400.002
PH087_Answer_resp_a1 frLU -299.971
PH087_Answer_resp_a2 frLU -299.964
PH087_Answer_resp_a3 frLU -299.979
PH087_Answer_resp_a4 frLU -399.929
PH087_Answer_resp_a5 frLU -399.898
PH087_Answer_resp_a6 frLU -400.001
PH087_Answer_resp_a7 frLU -299.968
PH011_QText frFR -500.317
PH011_Answer_resp_a1 frFR -301.727
PH011_Answer_resp_a2 frFR -301.733
PH011_Answer_resp_a3 frFR -401.759
PH011_Answer_resp_a4 frFR -401.738
PH011_Answer_resp_a5 frFR -201.780
PH011_Answer_resp_a6 frFR -401.795
PH011_Answer_resp_a7 frFR -601.786
PH011_Answer_resp_a8 frFR -301.729
PH011_Answer_resp_a9 frFR -301.731
PH011_Answer_resp_a10 frFR -301.736
PH011_Answer_resp_a11 frFR -401.728
PH011_Answer_resp_a12 frFR -201.745
PH011_Answer_resp_a13 frFR -601.699
PH011_Answer_resp_a14 frFR -399.941
PH011_Answer_resp_a15 frFR -300.062
PH011_QText frCH -600.273
PH011_Answer_resp_a1 frCH -301.727
PH011_Answer_resp_a2 frCH -301.733
PH011_Answer_resp_a3 frCH -401.769
PH011_Answer_resp_a4 frCH -401.738
PH011_Answer_resp_a5 frCH -201.780
PH011_Answer_resp_a6 frCH -401.795
PH011_Answer_resp_a7 frCH -501.886
PH011_Answer_resp_a8 frCH -301.729
PH011_Answer_resp_a9 frCH -301.731
PH011_Answer_resp_a10 frCH -301.736
PH011_Answer_resp_a11 frCH -401.728
PH011_Answer_resp_a12 frCH -201.745
PH011_Answer_resp_a13 frCH -601.641
PH011_Answer_resp_a14 frCH -299.972
PH011_Answer_resp_a15 frCH -300.062
PH011_QText frBE -500.310
PH011_Answer_resp_a1 frBE -301.727
PH011_Answer_resp_a2 frBE -401.695
PH011_Answer_resp_a3 frBE -401.762
PH011_Answer_resp_a4 frBE -301.832
PH011_Answer_resp_a5 frBE -201.780
PH011_Answer_resp_a6 frBE -601.719
PH011_Answer_resp_a7 frBE -501.827
PH011_Answer_resp_a8 frBE -301.729
PH011_Answer_resp_a9 frBE -301.715
PH011_Answer_resp_a10 frBE -401.715
PH011_Answer_resp_a11 frBE -401.728
PH011_Answer_resp_a12 frBE -501.694
PH011_Answer_resp_a13 frBE -501.737
PH011_Answer_resp_a14 frBE -299.960
PH011_Answer_resp_a15 frBE -300.085
PH011_QText frLU -500.316
PH011_Answer_resp_a1 frLU -301.727
PH011_Answer_resp_a2 frLU -301.733
PH011_Answer_resp_a3 frLU -401.759
PH011_Answer_resp_a4 frLU -401.738
PH011_Answer_resp_a5 frLU -201.780
PH011_Answer_resp_a6 frLU -401.795
PH011_Answer_resp_a7 frLU -501.842
PH011_Answer_resp_a8 frLU -201.756
PH011_Answer_resp_a9 frLU -301.715
PH011_Answer_resp_a10 frLU -301.732
PH011_Answer_resp_a11 frLU -401.728
PH011_Answer_resp_a12 frLU -201.745
PH011_Answer_resp_a13 frLU -700.006
PH011_Answer_resp_a14 frLU -299.972
PH011_Answer_resp_a15 frLU -300.090
PH082_QText frFR -500.303
PH082_Answer_resp_a1 frFR -299.973
PH082_Answer_resp_a2 frFR -299.949
PH082_QText frCH -699.975
PH082_Answer_resp_a1 frCH -299.973
PH082_Answer_resp_a2 frCH -299.949
PH082_QText frBE -700.232
PH082_Answer_resp_a1 frBE -299.973
PH082_Answer_resp_a2 frBE -299.949
PH082_QText frLU -600.229
PH082_Answer_resp_a1 frLU -299.973
PH082_Answer_resp_a2 frLU -299.949
PH012_QText frFR -399.927
PH012_Iwer frFR -299.998
PH012_QText frCH -399.927
PH012_Iwer frCH -299.998
PH012_QText frBE -499.842
PH012_Iwer frBE -399.951
PH012_QText frLU -499.842
PH012_Iwer frLU -299.932
PH065_QText frFR -300.010
PH065_Answer_resp_a1 frFR -299.973
PH065_Answer_resp_a2 frFR -299.949
PH065_QText frCH -299.925
PH065_Answer_resp_a1 frCH -299.973
PH065_Answer_resp_a2 frCH -299.949
PH065_QText frBE -299.925
PH065_Answer_resp_a1 frBE -299.973
PH065_Answer_resp_a2 frBE -299.949
PH065_QText frLU -299.977
PH065_Answer_resp_a1 frLU -299.973
PH065_Answer_resp_a2 frLU -299.949
PH095_QText frFR -300.054
PH095_Iwer frFR -599.886
PH095_QText frCH -300.017
PH095_Iwer frCH -599.831
PH095_QText frBE -300.054
PH095_Iwer frBE -499.772
PH095_QText frLU -300.017
PH095_Iwer frLU -899.987
PH066_QText frFR -300.018
PH066_Answer_resp_a1 frFR -300.068
PH066_Answer_resp_a2 frFR -300.100
PH066_Answer_resp_a3 frFR -400.096
PH066_Answer_resp_a4 frFR -300.051
PH066_QText frCH -300.018
PH066_Answer_resp_a1 frCH -300.068
PH066_Answer_resp_a2 frCH -300.110
PH066_Answer_resp_a3 frCH -300.128
PH066_Answer_resp_a4 frCH -300.051
PH066_QText frBE -300.018
